Determining if the pthread_create exist failed with the following output:
Change Dir: /home/ricmash/d/LIA_2020_21_project/build/CMakeFiles/CMakeTmp

Run Build Command:"/usr/bin/make" "cmTC_64ea2/fast"
/usr/bin/make -f CMakeFiles/cmTC_64ea2.dir/build.make CMakeFiles/cmTC_64ea2.dir/build
make[1]: ingresso nella directory "/home/ricmash/d/LIA_2020_21_project/build/CMakeFiles/CMakeTmp"
Building C object CMakeFiles/cmTC_64ea2.dir/CheckSymbolExists.c.o
/usr/bin/cc    -o CMakeFiles/cmTC_64ea2.dir/CheckSymbolExists.c.o   -c /home/ricmash/d/LIA_2020_21_project/build/CMakeFiles/CMakeTmp/CheckSymbolExists.c
Linking C executable cmTC_64ea2
/usr/bin/cmake -E cmake_link_script CMakeFiles/cmTC_64ea2.dir/link.txt --verbose=1
/usr/bin/cc      -rdynamic CMakeFiles/cmTC_64ea2.dir/CheckSymbolExists.c.o  -o cmTC_64ea2 
CMakeFiles/cmTC_64ea2.dir/CheckSymbolExists.c.o: nella funzione "main":
CheckSymbolExists.c:(.text+0x1b): riferimento non definito a "pthread_create"
collect2: error: ld returned 1 exit status
CMakeFiles/cmTC_64ea2.dir/build.make:97: recipe for target 'cmTC_64ea2' failed
make[1]: *** [cmTC_64ea2] Error 1
make[1]: uscita dalla directory "/home/ricmash/d/LIA_2020_21_project/build/CMakeFiles/CMakeTmp"
Makefile:126: recipe for target 'cmTC_64ea2/fast' failed
make: *** [cmTC_64ea2/fast] Error 2

File /home/ricmash/d/LIA_2020_21_project/build/CMakeFiles/CMakeTmp/CheckSymbolExists.c:
/* */
#include <pthread.h>

int main(int argc, char** argv)
{
  (void)argv;
#ifndef pthread_create
  return ((int*)(&pthread_create))[argc];
#else
  (void)argc;
  return 0;
#endif
}

Determining if the function pthread_create exists in the pthreads failed with the following output:
Change Dir: /home/ricmash/d/LIA_2020_21_project/build/CMakeFiles/CMakeTmp

Run Build Command:"/usr/bin/make" "cmTC_ad800/fast"
/usr/bin/make -f CMakeFiles/cmTC_ad800.dir/build.make CMakeFiles/cmTC_ad800.dir/build
make[1]: ingresso nella directory "/home/ricmash/d/LIA_2020_21_project/build/CMakeFiles/CMakeTmp"
Building C object CMakeFiles/cmTC_ad800.dir/CheckFunctionExists.c.o
/usr/bin/cc   -DCHECK_FUNCTION_EXISTS=pthread_create   -o CMakeFiles/cmTC_ad800.dir/CheckFunctionExists.c.o   -c /usr/share/cmake-3.10/Modules/CheckFunctionExists.c
Linking C executable cmTC_ad800
/usr/bin/cmake -E cmake_link_script CMakeFiles/cmTC_ad800.dir/link.txt --verbose=1
/usr/bin/cc  -DCHECK_FUNCTION_EXISTS=pthread_create    -rdynamic CMakeFiles/cmTC_ad800.dir/CheckFunctionExists.c.o  -o cmTC_ad800 -lpthreads 
/usr/bin/ld: impossibile trovare -lpthreads
collect2: error: ld returned 1 exit status
CMakeFiles/cmTC_ad800.dir/build.make:97: recipe for target 'cmTC_ad800' failed
make[1]: *** [cmTC_ad800] Error 1
make[1]: uscita dalla directory "/home/ricmash/d/LIA_2020_21_project/build/CMakeFiles/CMakeTmp"
Makefile:126: recipe for target 'cmTC_ad800/fast' failed
make: *** [cmTC_ad800/fast] Error 2


